<?xml version='1.0' encoding='UTF-8' ?>
<testsuite name="com.example.myapplication.ExampleInstrumentedTest" tests="1" failures="0" errors="0" skipped="0" time="0.191" timestamp="2023-01-28T16:51:36" hostname="localhost">
  <properties>
    <property name="device" value="Pixel_6_API_33(AVD) - 13" />
    <property name="flavor" value="" />
    <property name="project" value=":app" />
  </properties>
  <testcase name="useAppContext" classname="com.example.myapplication.ExampleInstrumentedTest" time="0.006" />
</testsuite>